mode: set
homework-7/internal/app/server/server.go:25.80,27.16 2 1
homework-7/internal/app/server/server.go:32.2,34.16 3 1
homework-7/internal/app/server/server.go:39.2,45.16 6 1
homework-7/internal/app/server/server.go:50.2,50.28 1 1
homework-7/internal/app/server/server.go:27.16,30.3 2 0
homework-7/internal/app/server/server.go:34.16,37.3 2 0
homework-7/internal/app/server/server.go:45.16,48.3 2 0
homework-7/internal/app/server/server.go:53.83,56.16 3 1
homework-7/internal/app/server/server.go:60.2,62.29 2 1
homework-7/internal/app/server/server.go:77.2,77.30 1 1
homework-7/internal/app/server/server.go:56.16,59.3 2 0
homework-7/internal/app/server/server.go:62.29,69.17 6 1
homework-7/internal/app/server/server.go:74.3,74.32 1 1
homework-7/internal/app/server/server.go:69.17,72.4 2 0
homework-7/internal/app/server/server.go:80.82,82.16 2 1
homework-7/internal/app/server/server.go:87.2,88.16 2 1
homework-7/internal/app/server/server.go:93.2,93.26 1 1
homework-7/internal/app/server/server.go:82.16,85.3 2 0
homework-7/internal/app/server/server.go:88.16,91.3 2 0
homework-7/internal/app/server/server.go:96.81,98.16 2 1
homework-7/internal/app/server/server.go:103.2,104.16 2 1
homework-7/internal/app/server/server.go:109.2,109.9 1 1
homework-7/internal/app/server/server.go:114.2,114.28 1 1
homework-7/internal/app/server/server.go:98.16,101.3 2 0
homework-7/internal/app/server/server.go:104.16,107.3 2 0
homework-7/internal/app/server/server.go:109.9,112.3 2 0
homework-7/internal/app/server/server.go:117.73,123.80 3 0
homework-7/internal/app/server/server.go:143.2,143.17 1 0
homework-7/internal/app/server/server.go:123.80,124.17 1 0
homework-7/internal/app/server/server.go:128.3,128.21 1 0
homework-7/internal/app/server/server.go:124.17,126.4 1 0
homework-7/internal/app/server/server.go:129.23,132.19 3 0
homework-7/internal/app/server/server.go:133.24,135.27 2 0
homework-7/internal/app/server/server.go:137.11,139.46 2 0
homework-7/internal/app/server/server.go:146.48,148.21 2 1
homework-7/internal/app/server/server.go:152.2,153.16 2 1
homework-7/internal/app/server/server.go:157.2,157.16 1 1
homework-7/internal/app/server/server.go:148.21,150.3 1 0
homework-7/internal/app/server/server.go:153.16,155.3 1 0
homework-7/internal/app/server/server.go:160.60,162.16 2 1
homework-7/internal/app/server/server.go:166.2,167.51 2 1
homework-7/internal/app/server/server.go:171.2,171.18 1 1
homework-7/internal/app/server/server.go:162.16,164.3 1 0
homework-7/internal/app/server/server.go:167.51,169.3 1 0
